appointment_scheduling/build/app/intermediates/manifest_merge_blame_file/debug/manifest-merger-blame-debug-report.txt
1<?xml version="1.0" encoding="utf-8"?>
2<manifest xmlns:android="http://schemas.android.com/apk/res/android"
3    package="com.mycompany.appointmentscheduling"
4    android:versionCode="1"
5    android:versionName="1.0.0" >
6
7    <uses-sdk
8        android:minSdkVersion="21"
9        android:targetSdkVersion="34" />
10    <!--
11         Flutter needs it to communicate with the running application
12         to allow setting breakpoints, to provide hot reload, etc.
13    -->
14    <uses-permission android:name="android.permission.INTERNET" />
14-->src/main/AndroidManifest.xml:4:5-66
14-->src/main/AndroidManifest.xml:4:22-64
15    <uses-permission android:name="android.permission.CAMERA" />
15-->src/main/AndroidManifest.xml:5:5-64
15-->src/main/AndroidManifest.xml:5:22-62
16    <uses-permission
16-->src/main/AndroidManifest.xml:6:5-80
17        android:name="android.permission.READ_EXTERNAL_STORAGE"
17-->src/main/AndroidManifest.xml:6:22-77
18        android:maxSdkVersion="32" />
18-->[:file_picker] AndroidManifest.xml:11:9-35
19    <uses-permission android:name="android.permission.WRITE_EXTERNAL_STORAGE" />
19-->src/main/AndroidManifest.xml:7:5-81
19-->src/main/AndroidManifest.xml:7:22-78
20    <uses-permission android:name="android.permission.RECEIVE_BOOT_COMPLETED" />
20-->src/main/AndroidManifest.xml:8:5-80
20-->src/main/AndroidManifest.xml:8:22-78
21    <uses-permission android:name="android.permission.SCHEDULE_EXACT_ALARM" />
21-->src/main/AndroidManifest.xml:9:5-79
21-->src/main/AndroidManifest.xml:9:22-76
22    <uses-permission android:name="android.permission.USE_FULL_SCREEN_INTENT" />
22-->src/main/AndroidManifest.xml:10:5-81
22-->src/main/AndroidManifest.xml:10:22-78
23    <uses-permission android:name="android.permission.USE_EXACT_ALARM" />
23-->src/main/AndroidManifest.xml:11:5-74
23-->src/main/AndroidManifest.xml:11:22-71
24
25    <queries>
25-->[:file_picker] AndroidManifest.xml:13:5-19:15
26        <intent>
26-->[:file_picker] AndroidManifest.xml:14:9-18:18
27            <action android:name="android.intent.action.GET_CONTENT" />
27-->[:file_picker] AndroidManifest.xml:15:13-72
27-->[:file_picker] AndroidManifest.xml:15:21-69
28
29            <data android:mimeType="*/*" />
29-->src/main/AndroidManifest.xml:54:17-105
30        </intent>
31    </queries>
32
33    <uses-permission android:name="android.permission.VIBRATE" />
33-->[:flutter_local_notifications] AndroidManifest.xml:9:5-66
33-->[:flutter_local_notifications] AndroidManifest.xml:9:22-63
34    <uses-permission android:name="android.permission.POST_NOTIFICATIONS" />
34-->[:flutter_local_notifications] AndroidManifest.xml:10:5-77
34-->[:flutter_local_notifications] AndroidManifest.xml:10:22-74
35    <uses-permission android:name="android.permission.ACCESS_NETWORK_STATE" />
35-->[com.google.firebase:firebase-auth:22.3.1] AndroidManifest.xml:26:5-79
35-->[com.google.firebase:firebase-auth:22.3.1] AndroidManifest.xml:26:22-76
36    <uses-permission android:name="com.google.android.providers.gsf.permission.READ_GSERVICES" />
36-->[com.google.android.recaptcha:recaptcha:18.4.0] AndroidManifest.xml:9:5-98
36-->[com.google.android.recaptcha:recaptcha:18.4.0] AndroidManifest.xml:9:22-95
37
38    <permission
38-->[androidx.core:core:1.10.1] AndroidManifest.xml:22:5-24:47
39        android:name="com.mycompany.appointmentscheduling.DYNAMIC_RECEIVER_NOT_EXPORTED_PERMISSION"
39-->[androidx.core:core:1.10.1] AndroidManifest.xml:23:9-81
40        android:protectionLevel="signature" />
40-->[androidx.core:core:1.10.1] AndroidManifest.xml:24:9-44
41
42    <uses-permission android:name="com.mycompany.appointmentscheduling.DYNAMIC_RECEIVER_NOT_EXPORTED_PERMISSION" />
42-->[androidx.core:core:1.10.1] AndroidManifest.xml:26:5-97
42-->[androidx.core:core:1.10.1] AndroidManifest.xml:26:22-94
43
44    <application
44-->src/main/AndroidManifest.xml:13:5-75:19
45        android:appComponentFactory="androidx.core.app.CoreComponentFactory"
45-->[androidx.core:core:1.10.1] AndroidManifest.xml:28:18-86
46        android:debuggable="true"
47        android:icon="@mipmap/ic_launcher"
47-->src/main/AndroidManifest.xml:16:9-43
48        android:label="Appointment scheduling"
48-->src/main/AndroidManifest.xml:14:9-47
49        android:requestLegacyExternalStorage="true" >
49-->src/main/AndroidManifest.xml:17:9-52
50        <activity
50-->src/main/AndroidManifest.xml:19:9-57:20
51            android:name="com.mycompany.appointmentscheduling.MainActivity"
51-->src/main/AndroidManifest.xml:20:13-41
52            android:configChanges="orientation|keyboardHidden|keyboard|screenSize|smallestScreenSize|locale|layoutDirection|fontScale|screenLayout|density|uiMode"
52-->src/main/AndroidManifest.xml:24:13-163
53            android:exported="true"
53-->src/main/AndroidManifest.xml:21:13-36
54            android:hardwareAccelerated="true"
54-->src/main/AndroidManifest.xml:25:13-47
55            android:launchMode="singleTop"
55-->src/main/AndroidManifest.xml:22:13-43
56            android:theme="@style/LaunchTheme"
56-->src/main/AndroidManifest.xml:23:13-47
57            android:windowSoftInputMode="adjustResize" >
57-->src/main/AndroidManifest.xml:26:13-55
58
59            <!--
60                 Specifies an Android theme to apply to this Activity as soon as
61                 the Android process has started. This theme is visible to the user
62                 while the Flutter UI initializes. After that, this theme continues
63                 to determine the Window background behind the Flutter UI.
64            -->
65            <meta-data
65-->src/main/AndroidManifest.xml:31:13-34:17
66                android:name="io.flutter.embedding.android.NormalTheme"
66-->src/main/AndroidManifest.xml:32:15-70
67                android:resource="@style/NormalTheme" />
67-->src/main/AndroidManifest.xml:33:15-52
68            <!--
69                 Displays an Android View that continues showing the launch screen
70                 Drawable until Flutter paints its first frame, then this splash
71                 screen fades out. A splash screen is useful to avoid any visual
72                 gap between the end of Android's launch screen and the painting of
73                 Flutter's first frame.
74            -->
75            <meta-data
75-->src/main/AndroidManifest.xml:40:13-43:17
76                android:name="io.flutter.embedding.android.SplashScreenDrawable"
76-->src/main/AndroidManifest.xml:41:15-79
77                android:resource="@drawable/launch_background" />
77-->src/main/AndroidManifest.xml:42:15-61
78
79            <intent-filter>
79-->src/main/AndroidManifest.xml:44:13-47:29
80                <action android:name="android.intent.action.MAIN" />
80-->src/main/AndroidManifest.xml:45:17-68
80-->src/main/AndroidManifest.xml:45:25-66
81
82                <category android:name="android.intent.category.LAUNCHER" />
82-->src/main/AndroidManifest.xml:46:17-76
82-->src/main/AndroidManifest.xml:46:27-74
83            </intent-filter>
84            <!-- Deep linking -->
85            <meta-data
85-->src/main/AndroidManifest.xml:49:13-90
86                android:name="flutter_deeplinking_enabled"
86-->src/main/AndroidManifest.xml:49:24-66
87                android:value="true" />
87-->src/main/AndroidManifest.xml:49:67-87
88
89            <intent-filter android:autoVerify="true" >
89-->src/main/AndroidManifest.xml:50:13-55:29
89-->src/main/AndroidManifest.xml:50:28-53
90                <action android:name="android.intent.action.VIEW" />
90-->src/main/AndroidManifest.xml:51:17-69
90-->src/main/AndroidManifest.xml:51:25-66
91
92                <category android:name="android.intent.category.DEFAULT" />
92-->src/main/AndroidManifest.xml:52:17-76
92-->src/main/AndroidManifest.xml:52:27-73
93                <category android:name="android.intent.category.BROWSABLE" />
93-->src/main/AndroidManifest.xml:53:17-78
93-->src/main/AndroidManifest.xml:53:27-75
94
95                <data
95-->src/main/AndroidManifest.xml:54:17-105
96                    android:host="appointmentscheduling.com"
96-->src/main/AndroidManifest.xml:54:62-102
97                    android:scheme="appointmentscheduling" />
97-->src/main/AndroidManifest.xml:54:23-61
98            </intent-filter>
99        </activity>
100
101        <!--
102             Don't delete the meta-data below.
103             This is used by the Flutter tool to generate GeneratedPluginRegistrant.java
104        -->
105        <meta-data
105-->src/main/AndroidManifest.xml:61:9-63:33
106            android:name="flutterEmbedding"
106-->src/main/AndroidManifest.xml:62:13-44
107            android:value="2" />
107-->src/main/AndroidManifest.xml:63:13-30
108
109        <receiver
109-->src/main/AndroidManifest.xml:65:5-127
110            android:name="com.dexterous.flutterlocalnotifications.ScheduledNotificationReceiver"
110-->src/main/AndroidManifest.xml:65:40-124
111            android:exported="false" />
111-->src/main/AndroidManifest.xml:65:15-39
112        <receiver
112-->src/main/AndroidManifest.xml:66:1-73:12
113            android:name="com.dexterous.flutterlocalnotifications.ScheduledNotificationBootReceiver"
113-->src/main/AndroidManifest.xml:66:36-124
114            android:exported="false" >
114-->src/main/AndroidManifest.xml:66:11-35
115            <intent-filter>
115-->src/main/AndroidManifest.xml:67:5-72:21
116                <action android:name="android.intent.action.BOOT_COMPLETED" />
116-->src/main/AndroidManifest.xml:68:9-70
116-->src/main/AndroidManifest.xml:68:17-68
117                <action android:name="android.intent.action.MY_PACKAGE_REPLACED" />
117-->src/main/AndroidManifest.xml:69:9-75
117-->src/main/AndroidManifest.xml:69:17-73
118                <action android:name="android.intent.action.QUICKBOOT_POWERON" />
118-->src/main/AndroidManifest.xml:70:9-74
118-->src/main/AndroidManifest.xml:70:17-71
119                <action android:name="com.htc.intent.action.QUICKBOOT_POWERON" />
119-->src/main/AndroidManifest.xml:71:9-73
119-->src/main/AndroidManifest.xml:71:17-71
120            </intent-filter>
121        </receiver>
122        <receiver
122-->src/main/AndroidManifest.xml:74:5-121
123            android:name="com.dexterous.flutterlocalnotifications.ActionBroadcastReceiver"
123-->src/main/AndroidManifest.xml:74:40-118
124            android:exported="false" />
124-->src/main/AndroidManifest.xml:74:15-39
125
126        <service
126-->[:cloud_firestore] AndroidManifest.xml:10:9-14:19
127            android:name="com.google.firebase.components.ComponentDiscoveryService"
127-->[:cloud_firestore] AndroidManifest.xml:10:18-89
128            android:directBootAware="true"
128-->[com.google.firebase:firebase-common:20.4.2] AndroidManifest.xml:32:13-43
129            android:exported="false" >
129-->[com.google.firebase:firebase-perf:20.5.1] AndroidManifest.xml:13:13-37
130            <meta-data
130-->[:cloud_firestore] AndroidManifest.xml:11:13-13:85
131                android:name="com.google.firebase.components:io.flutter.plugins.firebase.firestore.FlutterFirebaseFirestoreRegistrar"
131-->[:cloud_firestore] AndroidManifest.xml:12:17-134
132                android:value="com.google.firebase.components.ComponentRegistrar" />
132-->[:cloud_firestore] AndroidManifest.xml:13:17-82
133            <meta-data
133-->[:firebase_auth] AndroidManifest.xml:11:13-13:85
134                android:name="com.google.firebase.components:io.flutter.plugins.firebase.auth.FlutterFirebaseAuthRegistrar"
134-->[:firebase_auth] AndroidManifest.xml:12:17-124
135                android:value="com.google.firebase.components.ComponentRegistrar" />
135-->[:firebase_auth] AndroidManifest.xml:13:17-82
136            <meta-data
136-->[:firebase_performance] AndroidManifest.xml:13:13-15:85
137                android:name="com.google.firebase.components:io.flutter.plugins.firebase.performance.FlutterFirebaseAppRegistrar"
137-->[:firebase_performance] AndroidManifest.xml:14:17-130
138                android:value="com.google.firebase.components.ComponentRegistrar" />
138-->[:firebase_performance] AndroidManifest.xml:15:17-82
139            <meta-data
139-->[:firebase_storage] AndroidManifest.xml:11:13-13:85
140                android:name="com.google.firebase.components:io.flutter.plugins.firebase.storage.FlutterFirebaseAppRegistrar"
140-->[:firebase_storage] AndroidManifest.xml:12:17-126
141                android:value="com.google.firebase.components.ComponentRegistrar" />
141-->[:firebase_storage] AndroidManifest.xml:13:17-82
142            <meta-data
142-->[:firebase_core] AndroidManifest.xml:11:13-13:85
143                android:name="com.google.firebase.components:io.flutter.plugins.firebase.core.FlutterFirebaseCoreRegistrar"
143-->[:firebase_core] AndroidManifest.xml:12:17-124
144                android:value="com.google.firebase.components.ComponentRegistrar" />
144-->[:firebase_core] AndroidManifest.xml:13:17-82
145            <meta-data
145-->[com.google.firebase:firebase-perf:20.5.1] AndroidManifest.xml:14:13-16:85
146                android:name="com.google.firebase.components:com.google.firebase.perf.FirebasePerfKtxRegistrar"
146-->[com.google.firebase:firebase-perf:20.5.1] AndroidManifest.xml:15:17-112
147                android:value="com.google.firebase.components.ComponentRegistrar" />
147-->[com.google.firebase:firebase-perf:20.5.1] AndroidManifest.xml:16:17-82
148            <meta-data
148-->[com.google.firebase:firebase-perf:20.5.1] AndroidManifest.xml:17:13-19:85
149                android:name="com.google.firebase.components:com.google.firebase.perf.FirebasePerfRegistrar"
149-->[com.google.firebase:firebase-perf:20.5.1] AndroidManifest.xml:18:17-109
150                android:value="com.google.firebase.components.ComponentRegistrar" />
150-->[com.google.firebase:firebase-perf:20.5.1] AndroidManifest.xml:19:17-82
151            <meta-data
151-->[com.google.firebase:firebase-sessions:1.2.0] AndroidManifest.xml:29:13-31:85
152                android:name="com.google.firebase.components:com.google.firebase.sessions.FirebaseSessionsRegistrar"
152-->[com.google.firebase:firebase-sessions:1.2.0] AndroidManifest.xml:30:17-117
153                android:value="com.google.firebase.components.ComponentRegistrar" />
153-->[com.google.firebase:firebase-sessions:1.2.0] AndroidManifest.xml:31:17-82
154            <meta-data
154-->[com.google.firebase:firebase-auth:22.3.1] AndroidManifest.xml:69:13-71:85
155                android:name="com.google.firebase.components:com.google.firebase.auth.FirebaseAuthRegistrar"
155-->[com.google.firebase:firebase-auth:22.3.1] AndroidManifest.xml:70:17-109
156                android:value="com.google.firebase.components.ComponentRegistrar" />
156-->[com.google.firebase:firebase-auth:22.3.1] AndroidManifest.xml:71:17-82
157            <meta-data
157-->[com.google.firebase:firebase-firestore:24.10.1] AndroidManifest.xml:17:13-19:85
158                android:name="com.google.firebase.components:com.google.firebase.firestore.FirebaseFirestoreKtxRegistrar"
158-->[com.google.firebase:firebase-firestore:24.10.1] AndroidManifest.xml:18:17-122
159                android:value="com.google.firebase.components.ComponentRegistrar" />
159-->[com.google.firebase:firebase-firestore:24.10.1] AndroidManifest.xml:19:17-82
160            <meta-data
160-->[com.google.firebase:firebase-firestore:24.10.1] AndroidManifest.xml:20:13-22:85
161                android:name="com.google.firebase.components:com.google.firebase.firestore.FirestoreRegistrar"
161-->[com.google.firebase:firebase-firestore:24.10.1] AndroidManifest.xml:21:17-111
162                android:value="com.google.firebase.components.ComponentRegistrar" />
162-->[com.google.firebase:firebase-firestore:24.10.1] AndroidManifest.xml:22:17-82
163            <meta-data
163-->[com.google.firebase:firebase-storage:20.3.0] AndroidManifest.xml:30:13-32:85
164                android:name="com.google.firebase.components:com.google.firebase.storage.FirebaseStorageKtxRegistrar"
164-->[com.google.firebase:firebase-storage:20.3.0] AndroidManifest.xml:31:17-118
165                android:value="com.google.firebase.components.ComponentRegistrar" />
165-->[com.google.firebase:firebase-storage:20.3.0] AndroidManifest.xml:32:17-82
166            <meta-data
166-->[com.google.firebase:firebase-storage:20.3.0] AndroidManifest.xml:33:13-35:85
167                android:name="com.google.firebase.components:com.google.firebase.storage.StorageRegistrar"
167-->[com.google.firebase:firebase-storage:20.3.0] AndroidManifest.xml:34:17-107
168                android:value="com.google.firebase.components.ComponentRegistrar" />
168-->[com.google.firebase:firebase-storage:20.3.0] AndroidManifest.xml:35:17-82
169            <meta-data
169-->[com.google.firebase:firebase-config:21.6.0] AndroidManifest.xml:29:13-31:85
170                android:name="com.google.firebase.components:com.google.firebase.remoteconfig.FirebaseRemoteConfigKtxRegistrar"
170-->[com.google.firebase:firebase-config:21.6.0] AndroidManifest.xml:30:17-128
171                android:value="com.google.firebase.components.ComponentRegistrar" />
171-->[com.google.firebase:firebase-config:21.6.0] AndroidManifest.xml:31:17-82
172            <meta-data
172-->[com.google.firebase:firebase-config:21.6.0] AndroidManifest.xml:32:13-34:85
173                android:name="com.google.firebase.components:com.google.firebase.remoteconfig.RemoteConfigRegistrar"
173-->[com.google.firebase:firebase-config:21.6.0] AndroidManifest.xml:33:17-117
174                android:value="com.google.firebase.components.ComponentRegistrar" />
174-->[com.google.firebase:firebase-config:21.6.0] AndroidManifest.xml:34:17-82
175            <meta-data
175-->[com.google.firebase:firebase-installations:17.2.0] AndroidManifest.xml:15:13-17:85
176                android:name="com.google.firebase.components:com.google.firebase.installations.FirebaseInstallationsKtxRegistrar"
176-->[com.google.firebase:firebase-installations:17.2.0] AndroidManifest.xml:16:17-130
177                android:value="com.google.firebase.components.ComponentRegistrar" />
177-->[com.google.firebase:firebase-installations:17.2.0] AndroidManifest.xml:17:17-82
178            <meta-data
178-->[com.google.firebase:firebase-installations:17.2.0] AndroidManifest.xml:18:13-20:85
179                android:name="com.google.firebase.components:com.google.firebase.installations.FirebaseInstallationsRegistrar"
179-->[com.google.firebase:firebase-installations:17.2.0] AndroidManifest.xml:19:17-127
180                android:value="com.google.firebase.components.ComponentRegistrar" />
180-->[com.google.firebase:firebase-installations:17.2.0] AndroidManifest.xml:20:17-82
181            <meta-data
181-->[com.google.firebase:firebase-appcheck:17.1.1] AndroidManifest.xml:25:13-27:85
182                android:name="com.google.firebase.components:com.google.firebase.appcheck.FirebaseAppCheckKtxRegistrar"
182-->[com.google.firebase:firebase-appcheck:17.1.1] AndroidManifest.xml:26:17-120
183                android:value="com.google.firebase.components.ComponentRegistrar" />
183-->[com.google.firebase:firebase-appcheck:17.1.1] AndroidManifest.xml:27:17-82
184            <meta-data
184-->[com.google.firebase:firebase-appcheck:17.1.1] AndroidManifest.xml:28:13-30:85
185                android:name="com.google.firebase.components:com.google.firebase.appcheck.FirebaseAppCheckRegistrar"
185-->[com.google.firebase:firebase-appcheck:17.1.1] AndroidManifest.xml:29:17-117
186                android:value="com.google.firebase.components.ComponentRegistrar" />
186-->[com.google.firebase:firebase-appcheck:17.1.1] AndroidManifest.xml:30:17-82
187            <meta-data
187-->[com.google.firebase:firebase-common-ktx:20.4.2] AndroidManifest.xml:12:13-14:85
188                android:name="com.google.firebase.components:com.google.firebase.ktx.FirebaseCommonLegacyRegistrar"
188-->[com.google.firebase:firebase-common-ktx:20.4.2] AndroidManifest.xml:13:17-116
189                android:value="com.google.firebase.components.ComponentRegistrar" />
189-->[com.google.firebase:firebase-common-ktx:20.4.2] AndroidManifest.xml:14:17-82
190            <meta-data
190-->[com.google.firebase:firebase-datatransport:18.1.8] AndroidManifest.xml:27:13-29:85
191                android:name="com.google.firebase.components:com.google.firebase.datatransport.TransportRegistrar"
191-->[com.google.firebase:firebase-datatransport:18.1.8] AndroidManifest.xml:28:17-115
192                android:value="com.google.firebase.components.ComponentRegistrar" />
192-->[com.google.firebase:firebase-datatransport:18.1.8] AndroidManifest.xml:29:17-82
193            <meta-data
193-->[com.google.firebase:firebase-common:20.4.2] AndroidManifest.xml:35:13-37:85
194                android:name="com.google.firebase.components:com.google.firebase.FirebaseCommonKtxRegistrar"
194-->[com.google.firebase:firebase-common:20.4.2] AndroidManifest.xml:36:17-109
195                android:value="com.google.firebase.components.ComponentRegistrar" />
195-->[com.google.firebase:firebase-common:20.4.2] AndroidManifest.xml:37:17-82
196            <meta-data
196-->[com.google.firebase:firebase-abt:21.1.1] AndroidManifest.xml:12:13-14:85
197                android:name="com.google.firebase.components:com.google.firebase.abt.component.AbtRegistrar"
197-->[com.google.firebase:firebase-abt:21.1.1] AndroidManifest.xml:13:17-109
198                android:value="com.google.firebase.components.ComponentRegistrar" />
198-->[com.google.firebase:firebase-abt:21.1.1] AndroidManifest.xml:14:17-82
199        </service>
200
201        <provider
201-->[:image_picker_android] AndroidManifest.xml:10:9-18:20
202            android:name="io.flutter.plugins.imagepicker.ImagePickerFileProvider"
202-->[:image_picker_android] AndroidManifest.xml:11:13-82
203            android:authorities="com.mycompany.appointmentscheduling.flutter.image_provider"
203-->[:image_picker_android] AndroidManifest.xml:12:13-74
204            android:exported="false"
204-->[:image_picker_android] AndroidManifest.xml:13:13-37
205            android:grantUriPermissions="true" >
205-->[:image_picker_android] AndroidManifest.xml:14:13-47
206            <meta-data
206-->[:image_picker_android] AndroidManifest.xml:15:13-17:75
207                android:name="android.support.FILE_PROVIDER_PATHS"
207-->[:image_picker_android] AndroidManifest.xml:16:17-67
208                android:resource="@xml/flutter_image_picker_file_paths" />
208-->[:image_picker_android] AndroidManifest.xml:17:17-72
209        </provider>
210
211        <activity
211-->[:url_launcher_android] AndroidManifest.xml:10:9-13:74
212            android:name="io.flutter.plugins.urllauncher.WebViewActivity"
212-->[:url_launcher_android] AndroidManifest.xml:11:13-74
213            android:exported="false"
213-->[:url_launcher_android] AndroidManifest.xml:12:13-37
214            android:theme="@android:style/Theme.NoTitleBar.Fullscreen" />
214-->[:url_launcher_android] AndroidManifest.xml:13:13-71
215
216        <service
216-->[com.google.firebase:firebase-sessions:1.2.0] AndroidManifest.xml:22:9-25:40
217            android:name="com.google.firebase.sessions.SessionLifecycleService"
217-->[com.google.firebase:firebase-sessions:1.2.0] AndroidManifest.xml:23:13-80
218            android:enabled="true"
218-->[com.google.firebase:firebase-sessions:1.2.0] AndroidManifest.xml:24:13-35
219            android:exported="false" />
219-->[com.google.firebase:firebase-sessions:1.2.0] AndroidManifest.xml:25:13-37
220
221        <activity
221-->[com.google.firebase:firebase-auth:22.3.1] AndroidManifest.xml:29:9-46:20
222            android:name="com.google.firebase.auth.internal.GenericIdpActivity"
222-->[com.google.firebase:firebase-auth:22.3.1] AndroidManifest.xml:30:13-80
223            android:excludeFromRecents="true"
223-->[com.google.firebase:firebase-auth:22.3.1] AndroidManifest.xml:31:13-46
224            android:exported="true"
224-->[com.google.firebase:firebase-auth:22.3.1] AndroidManifest.xml:32:13-36
225            android:launchMode="singleTask"
225-->[com.google.firebase:firebase-auth:22.3.1] AndroidManifest.xml:33:13-44
226            android:theme="@android:style/Theme.Translucent.NoTitleBar" >
226-->[com.google.firebase:firebase-auth:22.3.1] AndroidManifest.xml:34:13-72
227            <intent-filter>
227-->[com.google.firebase:firebase-auth:22.3.1] AndroidManifest.xml:35:13-45:29
228                <action android:name="android.intent.action.VIEW" />
228-->src/main/AndroidManifest.xml:51:17-69
228-->src/main/AndroidManifest.xml:51:25-66
229
230                <category android:name="android.intent.category.DEFAULT" />
230-->src/main/AndroidManifest.xml:52:17-76
230-->src/main/AndroidManifest.xml:52:27-73
231                <category android:name="android.intent.category.BROWSABLE" />
231-->src/main/AndroidManifest.xml:53:17-78
231-->src/main/AndroidManifest.xml:53:27-75
232
233                <data
233-->src/main/AndroidManifest.xml:54:17-105
234                    android:host="firebase.auth"
234-->src/main/AndroidManifest.xml:54:62-102
235                    android:path="/"
236                    android:scheme="genericidp" />
236-->src/main/AndroidManifest.xml:54:23-61
237            </intent-filter>
238        </activity>
239        <activity
239-->[com.google.firebase:firebase-auth:22.3.1] AndroidManifest.xml:47:9-64:20
240            android:name="com.google.firebase.auth.internal.RecaptchaActivity"
240-->[com.google.firebase:firebase-auth:22.3.1] AndroidManifest.xml:48:13-79
241            android:excludeFromRecents="true"
241-->[com.google.firebase:firebase-auth:22.3.1] AndroidManifest.xml:49:13-46
242            android:exported="true"
242-->[com.google.firebase:firebase-auth:22.3.1] AndroidManifest.xml:50:13-36
243            android:launchMode="singleTask"
243-->[com.google.firebase:firebase-auth:22.3.1] AndroidManifest.xml:51:13-44
244            android:theme="@android:style/Theme.Translucent.NoTitleBar" >
244-->[com.google.firebase:firebase-auth:22.3.1] AndroidManifest.xml:52:13-72
245            <intent-filter>
245-->[com.google.firebase:firebase-auth:22.3.1] AndroidManifest.xml:53:13-63:29
246                <action android:name="android.intent.action.VIEW" />
246-->src/main/AndroidManifest.xml:51:17-69
246-->src/main/AndroidManifest.xml:51:25-66
247
248                <category android:name="android.intent.category.DEFAULT" />
248-->src/main/AndroidManifest.xml:52:17-76
248-->src/main/AndroidManifest.xml:52:27-73
249                <category android:name="android.intent.category.BROWSABLE" />
249-->src/main/AndroidManifest.xml:53:17-78
249-->src/main/AndroidManifest.xml:53:27-75
250
251                <data
251-->src/main/AndroidManifest.xml:54:17-105
252                    android:host="firebase.auth"
252-->src/main/AndroidManifest.xml:54:62-102
253                    android:path="/"
254                    android:scheme="recaptcha" />
254-->src/main/AndroidManifest.xml:54:23-61
255            </intent-filter>
256        </activity>
257
258        <service
258-->[com.google.android.datatransport:transport-backend-cct:3.1.9] AndroidManifest.xml:28:9-34:19
259            android:name="com.google.android.datatransport.runtime.backends.TransportBackendDiscovery"
259-->[com.google.android.datatransport:transport-backend-cct:3.1.9] AndroidManifest.xml:29:13-103
260            android:exported="false" >
260-->[com.google.android.datatransport:transport-backend-cct:3.1.9] AndroidManifest.xml:30:13-37
261            <meta-data
261-->[com.google.android.datatransport:transport-backend-cct:3.1.9] AndroidManifest.xml:31:13-33:39
262                android:name="backend:com.google.android.datatransport.cct.CctBackendFactory"
262-->[com.google.android.datatransport:transport-backend-cct:3.1.9] AndroidManifest.xml:32:17-94
263                android:value="cct" />
263-->[com.google.android.datatransport:transport-backend-cct:3.1.9] AndroidManifest.xml:33:17-36
264        </service>
265
266        <activity
266-->[com.google.android.gms:play-services-auth:20.7.0] AndroidManifest.xml:23:9-27:75
267            android:name="com.google.android.gms.auth.api.signin.internal.SignInHubActivity"
267-->[com.google.android.gms:play-services-auth:20.7.0] AndroidManifest.xml:24:13-93
268            android:excludeFromRecents="true"
268-->[com.google.android.gms:play-services-auth:20.7.0] AndroidManifest.xml:25:13-46
269            android:exported="false"
269-->[com.google.android.gms:play-services-auth:20.7.0] AndroidManifest.xml:26:13-37
270            android:theme="@android:style/Theme.Translucent.NoTitleBar" />
270-->[com.google.android.gms:play-services-auth:20.7.0] AndroidManifest.xml:27:13-72
271        <!--
272            Service handling Google Sign-In user revocation. For apps that do not integrate with
273            Google Sign-In, this service will never be started.
274        -->
275        <service
275-->[com.google.android.gms:play-services-auth:20.7.0] AndroidManifest.xml:33:9-37:51
276            android:name="com.google.android.gms.auth.api.signin.RevocationBoundService"
276-->[com.google.android.gms:play-services-auth:20.7.0] AndroidManifest.xml:34:13-89
277            android:exported="true"
277-->[com.google.android.gms:play-services-auth:20.7.0] AndroidManifest.xml:35:13-36
278            android:permission="com.google.android.gms.auth.api.signin.permission.REVOCATION_NOTIFICATION"
278-->[com.google.android.gms:play-services-auth:20.7.0] AndroidManifest.xml:36:13-107
279            android:visibleToInstantApps="true" />
279-->[com.google.android.gms:play-services-auth:20.7.0] AndroidManifest.xml:37:13-48
280
281        <activity
281-->[com.google.android.gms:play-services-base:18.0.1] AndroidManifest.xml:20:9-22:45
282            android:name="com.google.android.gms.common.api.GoogleApiActivity"